<?xml version="1.0" encoding="UTF-8"?>
<!-- Generated by org.testng.reporters.JUnitXMLReporter -->
<testsuite ignored="0" hostname="DESKTOP-N93DNGF" failures="1" tests="4" name="Test" time="41.18" errors="0" timestamp="2024-08-07T07:29:06 IST">
  <testcase classname="FLIMP.POC.Login" name="VerifyLoginWithValidCredentials" time="3.153"/>
  <testcase classname="FLIMP.POC.Login" name="VerifyLoginWithInValidCredentials" time="0.983"/>
  <testcase classname="FLIMP.POC.Login" name="VerifyLoginWithEmptyUsername" time="0.123"/>
  <testcase classname="FLIMP.POC.Login" name="VerifyUserCanAbleToLogout" time="8.856">
    <failure type="java.lang.AssertionError" message="expected [true] but found [false]">
      <![CDATA[java.lang.AssertionError: expected [true] but found [false]
at FLIMP.POC.Login.VerifyUserCanAbleToLogout(Login.java:208)
at java.base/java.util.ArrayList.forEach(ArrayList.java:1596)
... Removed 29 stack frames]]>
    </failure>
  </testcase> <!-- VerifyUserCanAbleToLogout -->
</testsuite> <!-- Test -->
