<?xml version="1.0" encoding="UTF-8"?>
<!-- Generated by org.testng.reporters.JUnitXMLReporter -->
<testsuite ignored="0" hostname="DESKTOP-N93DNGF" failures="1" tests="7" name="Test" time="205.898" errors="0" timestamp="2024-08-08T10:37:08 IST">
  <testcase classname="FLIMP.POC.Login" name="loginWithPOCUser" time="3.534"/>
  <testcase classname="FLIMP.POC.Login" name="VerifyLoginWithValidCredentials" time="3.221"/>
  <testcase classname="FLIMP.POC.Login" name="VerifyLoginWithInValidCredentials" time="1.357"/>
  <testcase classname="FLIMP.POC.Login" name="VerifyLoginWithEmptyPassword" time="0.169"/>
  <testcase classname="FLIMP.POC.Login" name="VerifyLoginWithEmptyUsername" time="0.166"/>
  <testcase classname="FLIMP.POC.Login" name="VerifyUserCanAbleToLogout" time="8.848">
    <failure type="java.lang.AssertionError" message="expected [true] but found [false]">
      <![CDATA[java.lang.AssertionError: expected [true] but found [false]
at FLIMP.POC.Login.VerifyUserCanAbleToLogout(Login.java:208)
at java.base/java.util.ArrayList.forEach(ArrayList.java:1596)
... Removed 29 stack frames]]>
    </failure>
  </testcase> <!-- VerifyUserCanAbleToLogout -->
  <testcase classname="FLIMP.POC.EndToEndTest" name="FlimpEndToEndTest" time="144.25"/>
</testsuite> <!-- Test -->
