<?xml version="1.0" encoding="UTF-8"?>
<testng-results ignored="0" total="7" passed="6" failed="1" skipped="0">
  <reporter-output>
  </reporter-output>
  <suite started-at="2024-08-08T10:33:41 IST" name="Suite" finished-at="2024-08-08T10:37:07 IST" duration-ms="205898">
    <groups>
    </groups>
    <test started-at="2024-08-08T10:33:41 IST" name="Test" finished-at="2024-08-08T10:37:07 IST" duration-ms="205898">
      <class name="FLIMP.POC.Login">
        <test-method is-config="true" signature="setup()[pri:0, instance:FLIMP.POC.Login@292b08d6]" started-at="2024-08-08T10:33:42 IST" name="setup" finished-at="2024-08-08T10:33:49 IST" duration-ms="7567" status="PASS">
          <reporter-output>
          </reporter-output>
        </test-method> <!-- setup -->
        <test-method signature="loginWithPOCUser()[pri:0, instance:FLIMP.POC.Login@292b08d6]" started-at="2024-08-08T10:33:49 IST" name="loginWithPOCUser" finished-at="2024-08-08T10:33:53 IST" duration-ms="3534" status="PASS">
          <reporter-output>
          </reporter-output>
        </test-method> <!-- loginWithPOCUser -->
        <test-method is-config="true" signature="tearDown()[pri:0, instance:FLIMP.POC.Login@292b08d6]" started-at="2024-08-08T10:33:53 IST" name="tearDown" finished-at="2024-08-08T10:33:53 IST" duration-ms="301" status="PASS">
          <reporter-output>
          </reporter-output>
        </test-method> <!-- tearDown -->
        <test-method is-config="true" signature="setup()[pri:0, instance:FLIMP.POC.Login@292b08d6]" started-at="2024-08-08T10:33:53 IST" name="setup" finished-at="2024-08-08T10:33:59 IST" duration-ms="5825" status="PASS">
          <reporter-output>
          </reporter-output>
        </test-method> <!-- setup -->
        <test-method signature="VerifyLoginWithValidCredentials()[pri:1, instance:FLIMP.POC.Login@292b08d6]" started-at="2024-08-08T10:33:59 IST" name="VerifyLoginWithValidCredentials" finished-at="2024-08-08T10:34:02 IST" duration-ms="3221" status="PASS">
          <reporter-output>
          </reporter-output>
        </test-method> <!-- VerifyLoginWithValidCredentials -->
        <test-method is-config="true" signature="tearDown()[pri:0, instance:FLIMP.POC.Login@292b08d6]" started-at="2024-08-08T10:34:02 IST" name="tearDown" finished-at="2024-08-08T10:34:02 IST" duration-ms="335" status="PASS">
          <reporter-output>
          </reporter-output>
        </test-method> <!-- tearDown -->
        <test-method is-config="true" signature="setup()[pri:0, instance:FLIMP.POC.Login@292b08d6]" started-at="2024-08-08T10:34:02 IST" name="setup" finished-at="2024-08-08T10:34:08 IST" duration-ms="5688" status="PASS">
          <reporter-output>
          </reporter-output>
        </test-method> <!-- setup -->
        <test-method signature="VerifyLoginWithInValidCredentials(java.lang.String,java.lang.String)[pri:2, instance:FLIMP.POC.Login@292b08d6]" started-at="2024-08-08T10:34:08 IST" name="VerifyLoginWithInValidCredentials" data-provider="InvalidDataSupplier" finished-at="2024-08-08T10:34:09 IST" duration-ms="1357" status="PASS">
          <params>
            <param index="0">
              <value>
                <![CDATA[anyone12345]]>
              </value>
            </param>
            <param index="1">
              <value>
                <![CDATA[japh7vej123]]>
              </value>
            </param>
          </params>
          <reporter-output>
          </reporter-output>
        </test-method> <!-- VerifyLoginWithInValidCredentials -->
        <test-method is-config="true" signature="tearDown()[pri:0, instance:FLIMP.POC.Login@292b08d6]" started-at="2024-08-08T10:34:09 IST" name="tearDown" finished-at="2024-08-08T10:34:10 IST" duration-ms="253" status="PASS">
          <reporter-output>
          </reporter-output>
        </test-method> <!-- tearDown -->
        <test-method is-config="true" signature="setup()[pri:0, instance:FLIMP.POC.Login@292b08d6]" started-at="2024-08-08T10:34:10 IST" name="setup" finished-at="2024-08-08T10:34:16 IST" duration-ms="6160" status="PASS">
          <reporter-output>
          </reporter-output>
        </test-method> <!-- setup -->
        <test-method signature="VerifyLoginWithEmptyPassword()[pri:3, instance:FLIMP.POC.Login@292b08d6]" started-at="2024-08-08T10:34:16 IST" name="VerifyLoginWithEmptyPassword" finished-at="2024-08-08T10:34:16 IST" duration-ms="169" status="PASS">
          <reporter-output>
          </reporter-output>
        </test-method> <!-- VerifyLoginWithEmptyPassword -->
        <test-method is-config="true" signature="tearDown()[pri:0, instance:FLIMP.POC.Login@292b08d6]" started-at="2024-08-08T10:34:16 IST" name="tearDown" finished-at="2024-08-08T10:34:16 IST" duration-ms="316" status="PASS">
          <reporter-output>
          </reporter-output>
        </test-method> <!-- tearDown -->
        <test-method is-config="true" signature="setup()[pri:0, instance:FLIMP.POC.Login@292b08d6]" started-at="2024-08-08T10:34:16 IST" name="setup" finished-at="2024-08-08T10:34:22 IST" duration-ms="5327" status="PASS">
          <reporter-output>
          </reporter-output>
        </test-method> <!-- setup -->
        <test-method signature="VerifyLoginWithEmptyUsername()[pri:3, instance:FLIMP.POC.Login@292b08d6]" started-at="2024-08-08T10:34:22 IST" name="VerifyLoginWithEmptyUsername" finished-at="2024-08-08T10:34:22 IST" duration-ms="166" status="PASS">
          <reporter-output>
          </reporter-output>
        </test-method> <!-- VerifyLoginWithEmptyUsername -->
        <test-method is-config="true" signature="tearDown()[pri:0, instance:FLIMP.POC.Login@292b08d6]" started-at="2024-08-08T10:34:22 IST" name="tearDown" finished-at="2024-08-08T10:34:22 IST" duration-ms="320" status="PASS">
          <reporter-output>
          </reporter-output>
        </test-method> <!-- tearDown -->
        <test-method is-config="true" signature="setup()[pri:0, instance:FLIMP.POC.Login@292b08d6]" started-at="2024-08-08T10:34:22 IST" name="setup" finished-at="2024-08-08T10:34:27 IST" duration-ms="5045" status="PASS">
          <reporter-output>
          </reporter-output>
        </test-method> <!-- setup -->
        <test-method signature="VerifyUserCanAbleToLogout()[pri:3, instance:FLIMP.POC.Login@292b08d6]" started-at="2024-08-08T10:34:27 IST" name="VerifyUserCanAbleToLogout" finished-at="2024-08-08T10:34:36 IST" duration-ms="8848" status="FAIL">
          <exception class="java.lang.AssertionError">
            <message>
              <![CDATA[expected [true] but found [false]]]>
            </message>
            <full-stacktrace>
              <![CDATA[java.lang.AssertionError: expected [true] but found [false]
at org.testng.Assert.fail(Assert.java:111)
at org.testng.Assert.failNotEquals(Assert.java:1578)
at org.testng.Assert.assertTrue(Assert.java:57)
at org.testng.Assert.assertTrue(Assert.java:67)
at FLIMP.POC.Login.VerifyUserCanAbleToLogout(Login.java:208)
at java.base/jdk.internal.reflect.DirectMethodHandleAccessor.invoke(DirectMethodHandleAccessor.java:103)
at java.base/java.lang.reflect.Method.invoke(Method.java:580)
at org.testng.internal.invokers.MethodInvocationHelper.invokeMethod(MethodInvocationHelper.java:141)
at org.testng.internal.invokers.TestInvoker.invokeMethod(TestInvoker.java:686)
at org.testng.internal.invokers.TestInvoker.invokeTestMethod(TestInvoker.java:230)
at org.testng.internal.invokers.MethodRunner.runInSequence(MethodRunner.java:63)
at org.testng.internal.invokers.TestInvoker$MethodInvocationAgent.invoke(TestInvoker.java:992)
at org.testng.internal.invokers.TestInvoker.invokeTestMethods(TestInvoker.java:203)
at org.testng.internal.invokers.TestMethodWorker.invokeTestMethods(TestMethodWorker.java:154)
at org.testng.internal.invokers.TestMethodWorker.run(TestMethodWorker.java:134)
at java.base/java.util.ArrayList.forEach(ArrayList.java:1596)
at org.testng.TestRunner.privateRun(TestRunner.java:739)
at org.testng.TestRunner.run(TestRunner.java:614)
at org.testng.SuiteRunner.runTest(SuiteRunner.java:421)
at org.testng.SuiteRunner.runSequentially(SuiteRunner.java:413)
at org.testng.SuiteRunner.privateRun(SuiteRunner.java:373)
at org.testng.SuiteRunner.run(SuiteRunner.java:312)
at org.testng.SuiteRunnerWorker.runSuite(SuiteRunnerWorker.java:52)
at org.testng.SuiteRunnerWorker.run(SuiteRunnerWorker.java:95)
at org.testng.TestNG.runSuitesSequentially(TestNG.java:1274)
at org.testng.TestNG.runSuitesLocally(TestNG.java:1208)
at org.testng.TestNG.runSuites(TestNG.java:1112)
at org.testng.TestNG.run(TestNG.java:1079)
at org.testng.remote.AbstractRemoteTestNG.run(AbstractRemoteTestNG.java:115)
at org.testng.remote.RemoteTestNG.initAndRun(RemoteTestNG.java:293)
at org.testng.remote.RemoteTestNG.main(RemoteTestNG.java:91)
]]>
            </full-stacktrace>
          </exception> <!-- java.lang.AssertionError -->
          <reporter-output>
          </reporter-output>
        </test-method> <!-- VerifyUserCanAbleToLogout -->
        <test-method is-config="true" signature="tearDown()[pri:0, instance:FLIMP.POC.Login@292b08d6]" started-at="2024-08-08T10:34:36 IST" name="tearDown" finished-at="2024-08-08T10:34:37 IST" duration-ms="298" status="PASS">
          <reporter-output>
          </reporter-output>
        </test-method> <!-- tearDown -->
      </class> <!-- FLIMP.POC.Login -->
      <class name="FLIMP.POC.EndToEndTest">
        <test-method is-config="true" signature="setup(org.testng.ITestContext)[pri:0, instance:FLIMP.POC.EndToEndTest@4b2bac3f]" started-at="2024-08-08T10:34:37 IST" name="setup" finished-at="2024-08-08T10:34:42 IST" duration-ms="5541" status="PASS">
          <params>
            <param index="0">
              <value>
                <![CDATA[org.testng.TestRunner@991cbde]]>
              </value>
            </param>
          </params>
          <reporter-output>
          </reporter-output>
        </test-method> <!-- setup -->
        <test-method signature="FlimpEndToEndTest()[pri:0, instance:FLIMP.POC.EndToEndTest@4b2bac3f]" started-at="2024-08-08T10:34:42 IST" name="FlimpEndToEndTest" finished-at="2024-08-08T10:37:06 IST" duration-ms="144250" status="PASS">
          <reporter-output>
          </reporter-output>
        </test-method> <!-- FlimpEndToEndTest -->
        <test-method is-config="true" signature="tearDown()[pri:0, instance:FLIMP.POC.EndToEndTest@4b2bac3f]" started-at="2024-08-08T10:37:06 IST" name="tearDown" finished-at="2024-08-08T10:37:07 IST" duration-ms="590" status="PASS">
          <reporter-output>
          </reporter-output>
        </test-method> <!-- tearDown -->
      </class> <!-- FLIMP.POC.EndToEndTest -->
    </test> <!-- Test -->
  </suite> <!-- Suite -->
</testng-results>
